<?xml version="1.0" encoding="UTF-8"?>
<!-- Generated by org.testng.reporters.JUnitXMLReporter -->
<testsuite ignored="0" hostname="DESKTOP-9446LLP" failures="0" tests="5" name="Default test" time="1.011" errors="0" timestamp="19 12月 2018 06:51:35 GMT">
  <testcase classname="com.edu.test.Scene5" name="login" time="0.587"/>
  <testcase classname="com.edu.test.Scene5" name="addAddress" time="0.056"/>
  <testcase classname="com.edu.test.Scene5" name="getAddress" time="0.055"/>
  <testcase classname="com.edu.test.Scene5" name="getTransportFee" time="0.145"/>
  <testcase classname="com.edu.test.Scene5" name="submitOrder" time="0.105"/>
</testsuite> <!-- Default test -->
