<?xml version="1.0" encoding="UTF-8"?>
<!-- Generated by org.testng.reporters.JUnitReportReporter -->
<testsuite hostname="DESKTOP-BCVV7R2" failures="0" tests="4" name="qgtest.cj2" time="1.838" errors="0" timestamp="17 12月 2018 08:01:41 GMT" skipped="0">
  <testcase classname="qgtest.cj2" name="login" time="1.282"/>
  <testcase classname="qgtest.cj2" name="addresslist" time="0.246"/>
  <testcase classname="qgtest.cj2" name="fee" time="0.100"/>
  <testcase classname="qgtest.cj2" name="submit" time="0.210"/>
</testsuite> <!-- qgtest.cj2 -->
