<?xml version="1.0" encoding="UTF-8"?>
<!-- Generated by org.testng.reporters.JUnitReportReporter -->
<testsuite hostname="DESKTOP-BCVV7R2" failures="0" tests="4" name="qgtest.cj1" time="1.533" errors="0" timestamp="17 12月 2018 07:38:41 GMT" skipped="0">
  <testcase classname="qgtest.cj1" name="skulist2" time="0.120"/>
  <testcase classname="qgtest.cj1" name="skulist1" time="0.112"/>
  <testcase classname="qgtest.cj1" name="skulist" time="1.211"/>
  <testcase classname="qgtest.cj1" name="skulist3" time="0.090"/>
</testsuite> <!-- qgtest.cj1 -->
