<?xml version="1.0" encoding="UTF-8"?>
<testng-results skipped="0" failed="0" ignored="0" total="1" passed="1">
  <reporter-output>
  </reporter-output>
  <suite name="Default suite" duration-ms="69987" started-at="2018-11-28T07:53:27Z" finished-at="2018-11-28T07:54:37Z">
    <groups>
    </groups>
    <test name="Default test" duration-ms="69987" started-at="2018-11-28T07:53:27Z" finished-at="2018-11-28T07:54:37Z">
      <class name="com.webtest.demo.Add_Product">
        <test-method status="PASS" signature="doBeforeSuite()[pri:0, instance:com.webtest.demo.Add_Product@86be70a]" name="doBeforeSuite" is-config="true" duration-ms="22346" started-at="2018-11-28T07:53:05Z" finished-at="2018-11-28T07:53:27Z">
          <reporter-output>
          </reporter-output>
        </test-method> <!-- doBeforeSuite -->
        <test-method status="PASS" signature="addProduce()[pri:0, instance:com.webtest.demo.Add_Product@86be70a]" name="addProduce" duration-ms="69967" started-at="2018-11-28T07:53:27Z" finished-at="2018-11-28T07:54:37Z">
          <reporter-output>
          </reporter-output>
        </test-method> <!-- addProduce -->
        <test-method status="PASS" signature="doAfterMethod()[pri:0, instance:com.webtest.demo.Add_Product@86be70a]" name="doAfterMethod" is-config="true" duration-ms="1635" started-at="2018-11-28T07:54:37Z" finished-at="2018-11-28T07:54:39Z">
          <reporter-output>
          </reporter-output>
        </test-method> <!-- doAfterMethod -->
      </class> <!-- com.webtest.demo.Add_Product -->
    </test> <!-- Default test -->
  </suite> <!-- Default suite -->
</testng-results>
