<?xml version="1.0" encoding="UTF-8"?>
<!-- Generated by org.testng.reporters.JUnitXMLReporter -->
<testsuite hostname="BF-201710220916" ignored="147" name="test1" tests="50" failures="1" timestamp="05 十二月 2018 07:32:44 GMT" time="1022.556" errors="0">
  <testcase name="backLogin" time="8.858" classname="com.webtest.demo.Back_Login"/>
  <testcase name="publishBlog" time="53.86" classname="com.webtest.demo.Publish_Blog"/>
  <testcase name="addAddress" time="21.83" classname="com.webtest.demo.Add_CompanyAddress"/>
  <testcase name="setBearNumber" time="24.38" classname="com.webtest.demo.Add_Content"/>
  <testcase name="addessay" time="38.091" classname="com.webtest.demo.Add_Essay"/>
  <testcase name="addInterface" time="22.03" classname="com.webtest.demo.Add_Interface"/>
  <testcase name="addMailbox" time="29.38" classname="com.webtest.demo.Add_Mailbox"/>
  <testcase name="addProduce" time="35.777" classname="com.webtest.demo.Add_Product"/>
  <testcase name="addRule" time="21.16" classname="com.webtest.demo.Add_ScoreRule"/>
  <testcase name="single" time="25.831" classname="com.webtest.demo.Add_Single"/>
  <testcase name="addfupload" time="19.326" classname="com.webtest.demo.Add_Filesupload"/>
  <testcase name="addscode" time="15.912" classname="com.webtest.demo.Add_Securitycode"/>
  <testcase name="addset" time="21.065" classname="com.webtest.demo.Add_Setting"/>
  <testcase name="addWlist" time="16.149" classname="com.webtest.demo.Add_Whitelist"/>
  <testcase name="backupRestore" time="15.131" classname="com.webtest.demo.Backup_Restore"/>
  <testcase name="batchSubmission" time="18.594" classname="com.webtest.demo.Batch_Submission"/>
  <testcase name="cdnSetting" time="18.086" classname="com.webtest.demo.CDN_Setting"/>
  <testcase name="newGroup" time="18.14" classname="com.webtest.demo.Domain_Setting"/>
  <testcase name="editingKeywords" time="18.215" classname="com.webtest.demo.Editing_Keywords"/>
  <testcase name="friendshipLink" time="4.235" classname="com.webtest.demo.Friendship_Link"/>
  <testcase name="frontLogin" time="2.866" classname="com.webtest.demo.Front_Login"/>
  <testcase name="handBook" time="48.499" classname="com.webtest.demo.Hand_Book"/>
  <testcase name="integralSettlement" time="4.229" classname="com.webtest.demo.Integral_Settlement"/>
  <testcase name="maintanClass" time="16.336" classname="com.webtest.demo.Maintain_Class"/>
  <testcase name="maintenancecategoryEssay" time="4.134" classname="com.webtest.demo.Maintenance_Category_Blog"/>
  <testcase name="maintenancecategoryEssay" time="15.134" classname="com.webtest.demo.Maintenance_Category_Essay"/>
  <testcase name="menbershipPoints" time="17.849" classname="com.webtest.demo.Membership_Points"/>
  <testcase name="newGroup" time="4.2" classname="com.webtest.demo.New_Group"/>
  <testcase name="plateManagement" time="4.104" classname="com.webtest.demo.Plate_Management"/>
  <testcase name="registrationAgreement" time="18.581" classname="com.webtest.demo.Registration_Agreement"/>
  <testcase name="rotaryGraph" time="18.516" classname="com.webtest.demo.Rotary_Graph"/>
  <testcase name="registrationAgreement" time="24.487" classname="com.webtest.demo.Setting_Language"/>
  <testcase name="settingUp" time="7.856" classname="com.webtest.demo.Setting_Up"/>
  <testcase name="siteSetting" time="24.26" classname="com.webtest.demo.Site_Setting"/>
  <testcase name="updateSearch" time="11.235" classname="com.webtest.demo.Update_Search"/>
  <testcase name="addCss" time="24.079" classname="com.webtest.demo.Add_Css"/>
  <testcase name="addJs" time="23.872" classname="com.webtest.demo.Add_Js"/>
  <testcase name="addStyle" time="25.387" classname="com.webtest.demo.Add_Style"/>
  <testcase name="setAddtype" time="19.651" classname="com.webtest.demo.Set_AddressType"/>
  <testcase name="setAdmin" time="25.783" classname="com.webtest.demo.Set_Administrator"/>
  <testcase name="setCache" time="23.182" classname="com.webtest.demo.Set_Cache"/>
  <testcase name="setDesignThumbmail" time="22.889" classname="com.webtest.demo.Set_DesignThumbnail"/>
  <testcase name="setDomainname" time="19.794" classname="com.webtest.demo.Set_DomainName"/>
  <testcase name="setFlow" time="16.813" classname="com.webtest.demo.Set_FlowStatistics"/>
  <testcase name="setSecurity" time="49.542" classname="com.webtest.demo.Set_Security"/>
  <testcase name="addblist" time="22.141" classname="com.webtest.demo.Add_Blacklist"/>
  <testcase name="expressage" time="19.99" classname="com.webtest.demo.Expressage"/>
  <testcase name="setDesignList" time="16.898" classname="com.webtest.demo.Set_DesignList">
    <failure type="java.lang.NullPointerException">
      <![CDATA[java.lang.NullPointerException
at org.openqa.selenium.support.ui.Select.<init>(Select.java:44)
at com.webtest.core.WebDriverEngine.getSelect(WebDriverEngine.java:216)
at com.webtest.core.WebDriverEngine.selectByIndex(WebDriverEngine.java:230)
at com.webtest.demo.Set_DesignList.setDesignList(Set_DesignList.java:26)
... Removed 25 stack frames]]>
    </failure>
  </testcase> <!-- setDesignList -->
  <testcase name="setBearNumber" time="16.95" classname="com.webtest.demo.Set_BearNumber"/>
  <testcase name="addMessage" time="27.099" classname="com.webtest.demo.Add_CompanyMessage"/>
  <testcase name="@BeforeSuite doBeforeSuite" time="0.0" classname="com.webtest.core.BaseTest">
    <ignored/>
  </testcase> <!-- @BeforeSuite doBeforeSuite -->
  <testcase name="@BeforeSuite doBeforeSuite" time="0.0" classname="com.webtest.core.BaseTest">
    <ignored/>
  </testcase> <!-- @BeforeSuite doBeforeSuite -->
  <testcase name="@BeforeSuite doBeforeSuite" time="0.0" classname="com.webtest.core.BaseTest">
    <ignored/>
  </testcase> <!-- @BeforeSuite doBeforeSuite -->
  <testcase name="@BeforeSuite doBeforeSuite" time="0.0" classname="com.webtest.core.BaseTest">
    <ignored/>
  </testcase> <!-- @BeforeSuite doBeforeSuite -->
  <testcase name="@BeforeSuite doBeforeSuite" time="0.0" classname="com.webtest.core.BaseTest">
    <ignored/>
  </testcase> <!-- @BeforeSuite doBeforeSuite -->
  <testcase name="@BeforeSuite doBeforeSuite" time="0.0" classname="com.webtest.core.BaseTest">
    <ignored/>
  </testcase> <!-- @BeforeSuite doBeforeSuite -->
  <testcase name="@BeforeSuite doBeforeSuite" time="0.0" classname="com.webtest.core.BaseTest">
    <ignored/>
  </testcase> <!-- @BeforeSuite doBeforeSuite -->
  <testcase name="@BeforeSuite doBeforeSuite" time="0.0" classname="com.webtest.core.BaseTest">
    <ignored/>
  </testcase> <!-- @BeforeSuite doBeforeSuite -->
  <testcase name="@BeforeSuite doBeforeSuite" time="0.0" classname="com.webtest.core.BaseTest">
    <ignored/>
  </testcase> <!-- @BeforeSuite doBeforeSuite -->
  <testcase name="@BeforeSuite doBeforeSuite" time="0.0" classname="com.webtest.core.BaseTest">
    <ignored/>
  </testcase> <!-- @BeforeSuite doBeforeSuite -->
  <testcase name="@BeforeSuite doBeforeSuite" time="0.0" classname="com.webtest.core.BaseTest">
    <ignored/>
  </testcase> <!-- @BeforeSuite doBeforeSuite -->
  <testcase name="@BeforeSuite doBeforeSuite" time="0.0" classname="com.webtest.core.BaseTest">
    <ignored/>
  </testcase> <!-- @BeforeSuite doBeforeSuite -->
  <testcase name="@BeforeSuite doBeforeSuite" time="0.0" classname="com.webtest.core.BaseTest">
    <ignored/>
  </testcase> <!-- @BeforeSuite doBeforeSuite -->
  <testcase name="@BeforeSuite doBeforeSuite" time="0.0" classname="com.webtest.core.BaseTest">
    <ignored/>
  </testcase> <!-- @BeforeSuite doBeforeSuite -->
  <testcase name="@BeforeSuite doBeforeSuite" time="0.0" classname="com.webtest.core.BaseTest">
    <ignored/>
  </testcase> <!-- @BeforeSuite doBeforeSuite -->
  <testcase name="@BeforeSuite doBeforeSuite" time="0.0" classname="com.webtest.core.BaseTest">
    <ignored/>
  </testcase> <!-- @BeforeSuite doBeforeSuite -->
  <testcase name="@BeforeSuite doBeforeSuite" time="0.0" classname="com.webtest.core.BaseTest">
    <ignored/>
  </testcase> <!-- @BeforeSuite doBeforeSuite -->
  <testcase name="@BeforeSuite doBeforeSuite" time="0.0" classname="com.webtest.core.BaseTest">
    <ignored/>
  </testcase> <!-- @BeforeSuite doBeforeSuite -->
  <testcase name="@BeforeSuite doBeforeSuite" time="0.0" classname="com.webtest.core.BaseTest">
    <ignored/>
  </testcase> <!-- @BeforeSuite doBeforeSuite -->
  <testcase name="@BeforeSuite doBeforeSuite" time="0.0" classname="com.webtest.core.BaseTest">
    <ignored/>
  </testcase> <!-- @BeforeSuite doBeforeSuite -->
  <testcase name="@BeforeSuite doBeforeSuite" time="0.0" classname="com.webtest.core.BaseTest">
    <ignored/>
  </testcase> <!-- @BeforeSuite doBeforeSuite -->
  <testcase name="@BeforeSuite doBeforeSuite" time="0.0" classname="com.webtest.core.BaseTest">
    <ignored/>
  </testcase> <!-- @BeforeSuite doBeforeSuite -->
  <testcase name="@BeforeSuite doBeforeSuite" time="0.0" classname="com.webtest.core.BaseTest">
    <ignored/>
  </testcase> <!-- @BeforeSuite doBeforeSuite -->
  <testcase name="@BeforeSuite doBeforeSuite" time="0.0" classname="com.webtest.core.BaseTest">
    <ignored/>
  </testcase> <!-- @BeforeSuite doBeforeSuite -->
  <testcase name="@BeforeSuite doBeforeSuite" time="0.0" classname="com.webtest.core.BaseTest">
    <ignored/>
  </testcase> <!-- @BeforeSuite doBeforeSuite -->
  <testcase name="@BeforeSuite doBeforeSuite" time="0.0" classname="com.webtest.core.BaseTest">
    <ignored/>
  </testcase> <!-- @BeforeSuite doBeforeSuite -->
  <testcase name="@BeforeSuite doBeforeSuite" time="0.0" classname="com.webtest.core.BaseTest">
    <ignored/>
  </testcase> <!-- @BeforeSuite doBeforeSuite -->
  <testcase name="@BeforeSuite doBeforeSuite" time="0.0" classname="com.webtest.core.BaseTest">
    <ignored/>
  </testcase> <!-- @BeforeSuite doBeforeSuite -->
  <testcase name="@BeforeSuite doBeforeSuite" time="0.0" classname="com.webtest.core.BaseTest">
    <ignored/>
  </testcase> <!-- @BeforeSuite doBeforeSuite -->
  <testcase name="@BeforeSuite doBeforeSuite" time="0.0" classname="com.webtest.core.BaseTest">
    <ignored/>
  </testcase> <!-- @BeforeSuite doBeforeSuite -->
  <testcase name="@BeforeSuite doBeforeSuite" time="0.0" classname="com.webtest.core.BaseTest">
    <ignored/>
  </testcase> <!-- @BeforeSuite doBeforeSuite -->
  <testcase name="@BeforeSuite doBeforeSuite" time="0.0" classname="com.webtest.core.BaseTest">
    <ignored/>
  </testcase> <!-- @BeforeSuite doBeforeSuite -->
  <testcase name="@BeforeSuite doBeforeSuite" time="0.0" classname="com.webtest.core.BaseTest">
    <ignored/>
  </testcase> <!-- @BeforeSuite doBeforeSuite -->
  <testcase name="@BeforeSuite doBeforeSuite" time="0.0" classname="com.webtest.core.BaseTest">
    <ignored/>
  </testcase> <!-- @BeforeSuite doBeforeSuite -->
  <testcase name="@BeforeSuite doBeforeSuite" time="0.0" classname="com.webtest.core.BaseTest">
    <ignored/>
  </testcase> <!-- @BeforeSuite doBeforeSuite -->
  <testcase name="@BeforeSuite doBeforeSuite" time="0.0" classname="com.webtest.core.BaseTest">
    <ignored/>
  </testcase> <!-- @BeforeSuite doBeforeSuite -->
  <testcase name="@BeforeSuite doBeforeSuite" time="0.0" classname="com.webtest.core.BaseTest">
    <ignored/>
  </testcase> <!-- @BeforeSuite doBeforeSuite -->
  <testcase name="@BeforeSuite doBeforeSuite" time="0.0" classname="com.webtest.core.BaseTest">
    <ignored/>
  </testcase> <!-- @BeforeSuite doBeforeSuite -->
  <testcase name="@BeforeSuite doBeforeSuite" time="0.0" classname="com.webtest.core.BaseTest">
    <ignored/>
  </testcase> <!-- @BeforeSuite doBeforeSuite -->
  <testcase name="@BeforeSuite doBeforeSuite" time="0.0" classname="com.webtest.core.BaseTest">
    <ignored/>
  </testcase> <!-- @BeforeSuite doBeforeSuite -->
  <testcase name="@BeforeSuite doBeforeSuite" time="0.0" classname="com.webtest.core.BaseTest">
    <ignored/>
  </testcase> <!-- @BeforeSuite doBeforeSuite -->
  <testcase name="@BeforeSuite doBeforeSuite" time="0.0" classname="com.webtest.core.BaseTest">
    <ignored/>
  </testcase> <!-- @BeforeSuite doBeforeSuite -->
  <testcase name="@BeforeSuite doBeforeSuite" time="0.0" classname="com.webtest.core.BaseTest">
    <ignored/>
  </testcase> <!-- @BeforeSuite doBeforeSuite -->
  <testcase name="@BeforeSuite doBeforeSuite" time="0.0" classname="com.webtest.core.BaseTest">
    <ignored/>
  </testcase> <!-- @BeforeSuite doBeforeSuite -->
  <testcase name="@BeforeSuite doBeforeSuite" time="0.0" classname="com.webtest.core.BaseTest">
    <ignored/>
  </testcase> <!-- @BeforeSuite doBeforeSuite -->
  <testcase name="@BeforeSuite doBeforeSuite" time="0.0" classname="com.webtest.core.BaseTest">
    <ignored/>
  </testcase> <!-- @BeforeSuite doBeforeSuite -->
  <testcase name="@BeforeSuite doBeforeSuite" time="0.0" classname="com.webtest.core.BaseTest">
    <ignored/>
  </testcase> <!-- @BeforeSuite doBeforeSuite -->
  <testcase name="@BeforeSuite doBeforeSuite" time="0.0" classname="com.webtest.core.BaseTest">
    <ignored/>
  </testcase> <!-- @BeforeSuite doBeforeSuite -->
  <testcase name="@BeforeSuite doBeforeSuite" time="0.0" classname="com.webtest.core.BaseTest">
    <ignored/>
  </testcase> <!-- @BeforeSuite doBeforeSuite -->
  <testcase name="@BeforeSuite addListener" time="0.0" classname="com.webtest.core.BaseTest">
    <ignored/>
  </testcase> <!-- @BeforeSuite addListener -->
  <testcase name="@BeforeSuite addListener" time="0.0" classname="com.webtest.core.BaseTest">
    <ignored/>
  </testcase> <!-- @BeforeSuite addListener -->
  <testcase name="@BeforeSuite addListener" time="0.0" classname="com.webtest.core.BaseTest">
    <ignored/>
  </testcase> <!-- @BeforeSuite addListener -->
  <testcase name="@BeforeSuite addListener" time="0.0" classname="com.webtest.core.BaseTest">
    <ignored/>
  </testcase> <!-- @BeforeSuite addListener -->
  <testcase name="@BeforeSuite addListener" time="0.0" classname="com.webtest.core.BaseTest">
    <ignored/>
  </testcase> <!-- @BeforeSuite addListener -->
  <testcase name="@BeforeSuite addListener" time="0.0" classname="com.webtest.core.BaseTest">
    <ignored/>
  </testcase> <!-- @BeforeSuite addListener -->
  <testcase name="@BeforeSuite addListener" time="0.0" classname="com.webtest.core.BaseTest">
    <ignored/>
  </testcase> <!-- @BeforeSuite addListener -->
  <testcase name="@BeforeSuite addListener" time="0.0" classname="com.webtest.core.BaseTest">
    <ignored/>
  </testcase> <!-- @BeforeSuite addListener -->
  <testcase name="@BeforeSuite addListener" time="0.0" classname="com.webtest.core.BaseTest">
    <ignored/>
  </testcase> <!-- @BeforeSuite addListener -->
  <testcase name="@BeforeSuite addListener" time="0.0" classname="com.webtest.core.BaseTest">
    <ignored/>
  </testcase> <!-- @BeforeSuite addListener -->
  <testcase name="@BeforeSuite addListener" time="0.0" classname="com.webtest.core.BaseTest">
    <ignored/>
  </testcase> <!-- @BeforeSuite addListener -->
  <testcase name="@BeforeSuite addListener" time="0.0" classname="com.webtest.core.BaseTest">
    <ignored/>
  </testcase> <!-- @BeforeSuite addListener -->
  <testcase name="@BeforeSuite addListener" time="0.0" classname="com.webtest.core.BaseTest">
    <ignored/>
  </testcase> <!-- @BeforeSuite addListener -->
  <testcase name="@BeforeSuite addListener" time="0.0" classname="com.webtest.core.BaseTest">
    <ignored/>
  </testcase> <!-- @BeforeSuite addListener -->
  <testcase name="@BeforeSuite addListener" time="0.0" classname="com.webtest.core.BaseTest">
    <ignored/>
  </testcase> <!-- @BeforeSuite addListener -->
  <testcase name="@BeforeSuite addListener" time="0.0" classname="com.webtest.core.BaseTest">
    <ignored/>
  </testcase> <!-- @BeforeSuite addListener -->
  <testcase name="@BeforeSuite addListener" time="0.0" classname="com.webtest.core.BaseTest">
    <ignored/>
  </testcase> <!-- @BeforeSuite addListener -->
  <testcase name="@BeforeSuite addListener" time="0.0" classname="com.webtest.core.BaseTest">
    <ignored/>
  </testcase> <!-- @BeforeSuite addListener -->
  <testcase name="@BeforeSuite addListener" time="0.0" classname="com.webtest.core.BaseTest">
    <ignored/>
  </testcase> <!-- @BeforeSuite addListener -->
  <testcase name="@BeforeSuite addListener" time="0.0" classname="com.webtest.core.BaseTest">
    <ignored/>
  </testcase> <!-- @BeforeSuite addListener -->
  <testcase name="@BeforeSuite addListener" time="0.0" classname="com.webtest.core.BaseTest">
    <ignored/>
  </testcase> <!-- @BeforeSuite addListener -->
  <testcase name="@BeforeSuite addListener" time="0.0" classname="com.webtest.core.BaseTest">
    <ignored/>
  </testcase> <!-- @BeforeSuite addListener -->
  <testcase name="@BeforeSuite addListener" time="0.0" classname="com.webtest.core.BaseTest">
    <ignored/>
  </testcase> <!-- @BeforeSuite addListener -->
  <testcase name="@BeforeSuite addListener" time="0.0" classname="com.webtest.core.BaseTest">
    <ignored/>
  </testcase> <!-- @BeforeSuite addListener -->
  <testcase name="@BeforeSuite addListener" time="0.0" classname="com.webtest.core.BaseTest">
    <ignored/>
  </testcase> <!-- @BeforeSuite addListener -->
  <testcase name="@AfterSuite doAfterMethod" time="0.0" classname="com.webtest.core.BaseTest">
    <ignored/>
  </testcase> <!-- @AfterSuite doAfterMethod -->
  <testcase name="@AfterSuite doAfterMethod" time="0.0" classname="com.webtest.core.BaseTest">
    <ignored/>
  </testcase> <!-- @AfterSuite doAfterMethod -->
  <testcase name="@AfterSuite doAfterMethod" time="0.0" classname="com.webtest.core.BaseTest">
    <ignored/>
  </testcase> <!-- @AfterSuite doAfterMethod -->
  <testcase name="@AfterSuite doAfterMethod" time="0.0" classname="com.webtest.core.BaseTest">
    <ignored/>
  </testcase> <!-- @AfterSuite doAfterMethod -->
  <testcase name="@AfterSuite doAfterMethod" time="0.0" classname="com.webtest.core.BaseTest">
    <ignored/>
  </testcase> <!-- @AfterSuite doAfterMethod -->
  <testcase name="@AfterSuite doAfterMethod" time="0.0" classname="com.webtest.core.BaseTest">
    <ignored/>
  </testcase> <!-- @AfterSuite doAfterMethod -->
  <testcase name="@AfterSuite doAfterMethod" time="0.0" classname="com.webtest.core.BaseTest">
    <ignored/>
  </testcase> <!-- @AfterSuite doAfterMethod -->
  <testcase name="@AfterSuite doAfterMethod" time="0.0" classname="com.webtest.core.BaseTest">
    <ignored/>
  </testcase> <!-- @AfterSuite doAfterMethod -->
  <testcase name="@AfterSuite doAfterMethod" time="0.0" classname="com.webtest.core.BaseTest">
    <ignored/>
  </testcase> <!-- @AfterSuite doAfterMethod -->
  <testcase name="@AfterSuite doAfterMethod" time="0.0" classname="com.webtest.core.BaseTest">
    <ignored/>
  </testcase> <!-- @AfterSuite doAfterMethod -->
  <testcase name="@AfterSuite doAfterMethod" time="0.0" classname="com.webtest.core.BaseTest">
    <ignored/>
  </testcase> <!-- @AfterSuite doAfterMethod -->
  <testcase name="@AfterSuite doAfterMethod" time="0.0" classname="com.webtest.core.BaseTest">
    <ignored/>
  </testcase> <!-- @AfterSuite doAfterMethod -->
  <testcase name="@AfterSuite doAfterMethod" time="0.0" classname="com.webtest.core.BaseTest">
    <ignored/>
  </testcase> <!-- @AfterSuite doAfterMethod -->
  <testcase name="@AfterSuite doAfterMethod" time="0.0" classname="com.webtest.core.BaseTest">
    <ignored/>
  </testcase> <!-- @AfterSuite doAfterMethod -->
  <testcase name="@AfterSuite doAfterMethod" time="0.0" classname="com.webtest.core.BaseTest">
    <ignored/>
  </testcase> <!-- @AfterSuite doAfterMethod -->
  <testcase name="@AfterSuite doAfterMethod" time="0.0" classname="com.webtest.core.BaseTest">
    <ignored/>
  </testcase> <!-- @AfterSuite doAfterMethod -->
  <testcase name="@AfterSuite doAfterMethod" time="0.0" classname="com.webtest.core.BaseTest">
    <ignored/>
  </testcase> <!-- @AfterSuite doAfterMethod -->
  <testcase name="@AfterSuite doAfterMethod" time="0.0" classname="com.webtest.core.BaseTest">
    <ignored/>
  </testcase> <!-- @AfterSuite doAfterMethod -->
  <testcase name="@AfterSuite doAfterMethod" time="0.0" classname="com.webtest.core.BaseTest">
    <ignored/>
  </testcase> <!-- @AfterSuite doAfterMethod -->
  <testcase name="@AfterSuite doAfterMethod" time="0.0" classname="com.webtest.core.BaseTest">
    <ignored/>
  </testcase> <!-- @AfterSuite doAfterMethod -->
  <testcase name="@AfterSuite doAfterMethod" time="0.0" classname="com.webtest.core.BaseTest">
    <ignored/>
  </testcase> <!-- @AfterSuite doAfterMethod -->
  <testcase name="@AfterSuite doAfterMethod" time="0.0" classname="com.webtest.core.BaseTest">
    <ignored/>
  </testcase> <!-- @AfterSuite doAfterMethod -->
  <testcase name="@AfterSuite doAfterMethod" time="0.0" classname="com.webtest.core.BaseTest">
    <ignored/>
  </testcase> <!-- @AfterSuite doAfterMethod -->
  <testcase name="@AfterSuite doAfterMethod" time="0.0" classname="com.webtest.core.BaseTest">
    <ignored/>
  </testcase> <!-- @AfterSuite doAfterMethod -->
  <testcase name="@AfterSuite doAfterMethod" time="0.0" classname="com.webtest.core.BaseTest">
    <ignored/>
  </testcase> <!-- @AfterSuite doAfterMethod -->
  <testcase name="@AfterSuite doAfterMethod" time="0.0" classname="com.webtest.core.BaseTest">
    <ignored/>
  </testcase> <!-- @AfterSuite doAfterMethod -->
  <testcase name="@AfterSuite doAfterMethod" time="0.0" classname="com.webtest.core.BaseTest">
    <ignored/>
  </testcase> <!-- @AfterSuite doAfterMethod -->
  <testcase name="@AfterSuite doAfterMethod" time="0.0" classname="com.webtest.core.BaseTest">
    <ignored/>
  </testcase> <!-- @AfterSuite doAfterMethod -->
  <testcase name="@AfterSuite doAfterMethod" time="0.0" classname="com.webtest.core.BaseTest">
    <ignored/>
  </testcase> <!-- @AfterSuite doAfterMethod -->
  <testcase name="@AfterSuite doAfterMethod" time="0.0" classname="com.webtest.core.BaseTest">
    <ignored/>
  </testcase> <!-- @AfterSuite doAfterMethod -->
  <testcase name="@AfterSuite doAfterMethod" time="0.0" classname="com.webtest.core.BaseTest">
    <ignored/>
  </testcase> <!-- @AfterSuite doAfterMethod -->
  <testcase name="@AfterSuite doAfterMethod" time="0.0" classname="com.webtest.core.BaseTest">
    <ignored/>
  </testcase> <!-- @AfterSuite doAfterMethod -->
  <testcase name="@AfterSuite doAfterMethod" time="0.0" classname="com.webtest.core.BaseTest">
    <ignored/>
  </testcase> <!-- @AfterSuite doAfterMethod -->
  <testcase name="@AfterSuite doAfterMethod" time="0.0" classname="com.webtest.core.BaseTest">
    <ignored/>
  </testcase> <!-- @AfterSuite doAfterMethod -->
  <testcase name="@AfterSuite doAfterMethod" time="0.0" classname="com.webtest.core.BaseTest">
    <ignored/>
  </testcase> <!-- @AfterSuite doAfterMethod -->
  <testcase name="@AfterSuite doAfterMethod" time="0.0" classname="com.webtest.core.BaseTest">
    <ignored/>
  </testcase> <!-- @AfterSuite doAfterMethod -->
  <testcase name="@AfterSuite doAfterMethod" time="0.0" classname="com.webtest.core.BaseTest">
    <ignored/>
  </testcase> <!-- @AfterSuite doAfterMethod -->
  <testcase name="@AfterSuite doAfterMethod" time="0.0" classname="com.webtest.core.BaseTest">
    <ignored/>
  </testcase> <!-- @AfterSuite doAfterMethod -->
  <testcase name="@AfterSuite doAfterMethod" time="0.0" classname="com.webtest.core.BaseTest">
    <ignored/>
  </testcase> <!-- @AfterSuite doAfterMethod -->
  <testcase name="@AfterSuite doAfterMethod" time="0.0" classname="com.webtest.core.BaseTest">
    <ignored/>
  </testcase> <!-- @AfterSuite doAfterMethod -->
  <testcase name="@AfterSuite doAfterMethod" time="0.0" classname="com.webtest.core.BaseTest">
    <ignored/>
  </testcase> <!-- @AfterSuite doAfterMethod -->
  <testcase name="@AfterSuite doAfterMethod" time="0.0" classname="com.webtest.core.BaseTest">
    <ignored/>
  </testcase> <!-- @AfterSuite doAfterMethod -->
  <testcase name="@AfterSuite doAfterMethod" time="0.0" classname="com.webtest.core.BaseTest">
    <ignored/>
  </testcase> <!-- @AfterSuite doAfterMethod -->
  <testcase name="@AfterSuite doAfterMethod" time="0.0" classname="com.webtest.core.BaseTest">
    <ignored/>
  </testcase> <!-- @AfterSuite doAfterMethod -->
  <testcase name="@AfterSuite doAfterMethod" time="0.0" classname="com.webtest.core.BaseTest">
    <ignored/>
  </testcase> <!-- @AfterSuite doAfterMethod -->
  <testcase name="@AfterSuite doAfterMethod" time="0.0" classname="com.webtest.core.BaseTest">
    <ignored/>
  </testcase> <!-- @AfterSuite doAfterMethod -->
  <testcase name="@AfterSuite doAfterMethod" time="0.0" classname="com.webtest.core.BaseTest">
    <ignored/>
  </testcase> <!-- @AfterSuite doAfterMethod -->
  <testcase name="@AfterSuite doAfterMethod" time="0.0" classname="com.webtest.core.BaseTest">
    <ignored/>
  </testcase> <!-- @AfterSuite doAfterMethod -->
  <testcase name="@AfterSuite doAfterMethod" time="0.0" classname="com.webtest.core.BaseTest">
    <ignored/>
  </testcase> <!-- @AfterSuite doAfterMethod -->
  <testcase name="@BeforeSuite addListener" time="0.0" classname="com.webtest.core.BaseTest">
    <ignored/>
  </testcase> <!-- @BeforeSuite addListener -->
  <testcase name="@BeforeSuite addListener" time="0.0" classname="com.webtest.core.BaseTest">
    <ignored/>
  </testcase> <!-- @BeforeSuite addListener -->
  <testcase name="@BeforeSuite addListener" time="0.0" classname="com.webtest.core.BaseTest">
    <ignored/>
  </testcase> <!-- @BeforeSuite addListener -->
  <testcase name="@BeforeSuite addListener" time="0.0" classname="com.webtest.core.BaseTest">
    <ignored/>
  </testcase> <!-- @BeforeSuite addListener -->
  <testcase name="@BeforeSuite addListener" time="0.0" classname="com.webtest.core.BaseTest">
    <ignored/>
  </testcase> <!-- @BeforeSuite addListener -->
  <testcase name="@BeforeSuite addListener" time="0.0" classname="com.webtest.core.BaseTest">
    <ignored/>
  </testcase> <!-- @BeforeSuite addListener -->
  <testcase name="@BeforeSuite addListener" time="0.0" classname="com.webtest.core.BaseTest">
    <ignored/>
  </testcase> <!-- @BeforeSuite addListener -->
  <testcase name="@BeforeSuite addListener" time="0.0" classname="com.webtest.core.BaseTest">
    <ignored/>
  </testcase> <!-- @BeforeSuite addListener -->
  <testcase name="@BeforeSuite addListener" time="0.0" classname="com.webtest.core.BaseTest">
    <ignored/>
  </testcase> <!-- @BeforeSuite addListener -->
  <testcase name="@BeforeSuite addListener" time="0.0" classname="com.webtest.core.BaseTest">
    <ignored/>
  </testcase> <!-- @BeforeSuite addListener -->
  <testcase name="@BeforeSuite addListener" time="0.0" classname="com.webtest.core.BaseTest">
    <ignored/>
  </testcase> <!-- @BeforeSuite addListener -->
  <testcase name="@BeforeSuite addListener" time="0.0" classname="com.webtest.core.BaseTest">
    <ignored/>
  </testcase> <!-- @BeforeSuite addListener -->
  <testcase name="@BeforeSuite addListener" time="0.0" classname="com.webtest.core.BaseTest">
    <ignored/>
  </testcase> <!-- @BeforeSuite addListener -->
  <testcase name="@BeforeSuite addListener" time="0.0" classname="com.webtest.core.BaseTest">
    <ignored/>
  </testcase> <!-- @BeforeSuite addListener -->
  <testcase name="@BeforeSuite addListener" time="0.0" classname="com.webtest.core.BaseTest">
    <ignored/>
  </testcase> <!-- @BeforeSuite addListener -->
  <testcase name="@BeforeSuite addListener" time="0.0" classname="com.webtest.core.BaseTest">
    <ignored/>
  </testcase> <!-- @BeforeSuite addListener -->
  <testcase name="@BeforeSuite addListener" time="0.0" classname="com.webtest.core.BaseTest">
    <ignored/>
  </testcase> <!-- @BeforeSuite addListener -->
  <testcase name="@BeforeSuite addListener" time="0.0" classname="com.webtest.core.BaseTest">
    <ignored/>
  </testcase> <!-- @BeforeSuite addListener -->
  <testcase name="@BeforeSuite addListener" time="0.0" classname="com.webtest.core.BaseTest">
    <ignored/>
  </testcase> <!-- @BeforeSuite addListener -->
  <testcase name="@BeforeSuite addListener" time="0.0" classname="com.webtest.core.BaseTest">
    <ignored/>
  </testcase> <!-- @BeforeSuite addListener -->
  <testcase name="@BeforeSuite addListener" time="0.0" classname="com.webtest.core.BaseTest">
    <ignored/>
  </testcase> <!-- @BeforeSuite addListener -->
  <testcase name="@BeforeSuite addListener" time="0.0" classname="com.webtest.core.BaseTest">
    <ignored/>
  </testcase> <!-- @BeforeSuite addListener -->
  <testcase name="@BeforeSuite addListener" time="0.0" classname="com.webtest.core.BaseTest">
    <ignored/>
  </testcase> <!-- @BeforeSuite addListener -->
  <testcase name="@BeforeSuite addListener" time="0.0" classname="com.webtest.core.BaseTest">
    <ignored/>
  </testcase> <!-- @BeforeSuite addListener -->
</testsuite> <!-- test1 -->
