<?xml version="1.0" encoding="UTF-8"?>
<testng-results ignored="0" total="5" passed="5" failed="0" skipped="0">
  <reporter-output>
  </reporter-output>
  <suite started-at="2018-12-19T06:51:34Z" name="Default suite" finished-at="2018-12-19T06:51:35Z" duration-ms="1011">
    <groups>
    </groups>
    <test started-at="2018-12-19T06:51:34Z" name="Default test" finished-at="2018-12-19T06:51:35Z" duration-ms="1011">
      <class name="com.edu.test.Scene5">
        <test-method signature="login()[pri:0, instance:com.edu.test.Scene5@60015ef5]" started-at="2018-12-19T06:51:34Z" name="login" finished-at="2018-12-19T06:51:34Z" duration-ms="587" status="PASS">
          <reporter-output>
          </reporter-output>
        </test-method> <!-- login -->
        <test-method signature="addAddress()[pri:0, instance:com.edu.test.Scene5@60015ef5]" started-at="2018-12-19T06:51:34Z" name="addAddress" finished-at="2018-12-19T06:51:35Z" depends-on-methods="com.edu.test.Scene5.login" duration-ms="56" status="PASS">
          <reporter-output>
          </reporter-output>
        </test-method> <!-- addAddress -->
        <test-method signature="getAddress()[pri:0, instance:com.edu.test.Scene5@60015ef5]" started-at="2018-12-19T06:51:35Z" name="getAddress" finished-at="2018-12-19T06:51:35Z" depends-on-methods="com.edu.test.Scene5.addAddress" duration-ms="55" status="PASS">
          <reporter-output>
          </reporter-output>
        </test-method> <!-- getAddress -->
        <test-method signature="getTransportFee()[pri:0, instance:com.edu.test.Scene5@60015ef5]" started-at="2018-12-19T06:51:35Z" name="getTransportFee" finished-at="2018-12-19T06:51:35Z" depends-on-methods="com.edu.test.Scene5.getAddress" duration-ms="145" status="PASS">
          <reporter-output>
          </reporter-output>
        </test-method> <!-- getTransportFee -->
        <test-method signature="submitOrder()[pri:0, instance:com.edu.test.Scene5@60015ef5]" started-at="2018-12-19T06:51:35Z" name="submitOrder" finished-at="2018-12-19T06:51:35Z" depends-on-methods="com.edu.test.Scene5.getTransportFee" duration-ms="105" status="PASS">
          <reporter-output>
          </reporter-output>
        </test-method> <!-- submitOrder -->
      </class> <!-- com.edu.test.Scene5 -->
    </test> <!-- Default test -->
  </suite> <!-- Default suite -->
</testng-results>
