<?xml version="1.0" encoding="UTF-8"?>
<testng-results ignored="0" total="1" passed="1" failed="0" skipped="0">
  <reporter-output>
  </reporter-output>
  <suite started-at="2018-12-05T07:50:16Z" name="Default suite" finished-at="2018-12-05T07:51:10Z" duration-ms="53811">
    <groups>
    </groups>
    <test started-at="2018-12-05T07:50:16Z" name="Default test" finished-at="2018-12-05T07:51:10Z" duration-ms="53811">
      <class name="com.webtest.demo.BasicSettings">
        <test-method is-config="true" signature="doBeforeSuite()[pri:0, instance:com.webtest.demo.BasicSettings@5562c41e]" started-at="2018-12-05T07:49:49Z" name="doBeforeSuite" finished-at="2018-12-05T07:50:16Z" duration-ms="27235" status="PASS">
          <reporter-output>
          </reporter-output>
        </test-method> <!-- doBeforeSuite -->
        <test-method signature="basicsettings()[pri:0, instance:com.webtest.demo.BasicSettings@5562c41e]" started-at="2018-12-05T07:50:16Z" name="basicsettings" finished-at="2018-12-05T07:51:10Z" duration-ms="53795" status="PASS">
          <reporter-output>
          </reporter-output>
        </test-method> <!-- basicsettings -->
        <test-method is-config="true" signature="doAfterMethod()[pri:0, instance:com.webtest.demo.BasicSettings@5562c41e]" started-at="2018-12-05T07:51:10Z" name="doAfterMethod" finished-at="2018-12-05T07:51:12Z" duration-ms="1995" status="PASS">
          <reporter-output>
          </reporter-output>
        </test-method> <!-- doAfterMethod -->
      </class> <!-- com.webtest.demo.BasicSettings -->
    </test> <!-- Default test -->
  </suite> <!-- Default suite -->
</testng-results>
