<?xml version="1.0" encoding="UTF-8"?>
<!-- Generated by org.testng.reporters.JUnitReportReporter -->
<testsuite hostname="DESKTOP-1FB2MCT" failures="0" tests="3" name="Test.AddAddressTest" time="1.147" errors="0" timestamp="31 10月 2018 03:09:52 GMT" skipped="0">
  <testcase classname="Test.AddAddressTest" name="loginSucces" time="0.850"/>
  <testcase classname="Test.AddAddressTest" name="loginSuccess" time="0.187"/>
  <testcase classname="Test.AddAddressTest" name="loginFail" time="0.110"/>
</testsuite> <!-- Test.AddAddressTest -->
