<?xml version="1.0" encoding="UTF-8"?>
<testng-results skipped="0" failed="0" ignored="0" total="1" passed="1">
  <reporter-output>
  </reporter-output>
  <suite name="Default suite" duration-ms="23416" started-at="2018-11-26T06:56:30Z" finished-at="2018-11-26T06:56:53Z">
    <groups>
    </groups>
    <test name="Default test" duration-ms="23416" started-at="2018-11-26T06:56:30Z" finished-at="2018-11-26T06:56:53Z">
      <class name="com.webtest.demo.Front_Login1">
        <test-method status="PASS" signature="doBeforeSuite()[pri:0, instance:com.webtest.demo.Front_Login1@86be70a]" name="doBeforeSuite" is-config="true" duration-ms="53865" started-at="2018-11-26T06:55:36Z" finished-at="2018-11-26T06:56:30Z">
          <reporter-output>
          </reporter-output>
        </test-method> <!-- doBeforeSuite -->
        <test-method status="PASS" signature="testSearch()[pri:0, instance:com.webtest.demo.Front_Login1@86be70a]" name="testSearch" duration-ms="23391" started-at="2018-11-26T06:56:30Z" finished-at="2018-11-26T06:56:53Z">
          <reporter-output>
          </reporter-output>
        </test-method> <!-- testSearch -->
        <test-method status="PASS" signature="doAfterMethod()[pri:0, instance:com.webtest.demo.Front_Login1@86be70a]" name="doAfterMethod" is-config="true" duration-ms="1600" started-at="2018-11-26T06:56:53Z" finished-at="2018-11-26T06:56:55Z">
          <reporter-output>
          </reporter-output>
        </test-method> <!-- doAfterMethod -->
      </class> <!-- com.webtest.demo.Front_Login1 -->
    </test> <!-- Default test -->
  </suite> <!-- Default suite -->
</testng-results>
