<?xml version="1.0" encoding="UTF-8"?>
<!-- Generated by org.testng.reporters.JUnitReportReporter -->
<testsuite hostname="DESKTOP-BCVV7R2" failures="0" tests="10" name="qgtest.LoginTest" time="12.719" errors="0" timestamp="16 12月 2018 11:28:00 GMT" skipped="0">
  <testcase classname="qgtest.LoginTest" name="login_fail7" time="0.601"/>
  <testcase classname="qgtest.LoginTest" name="login_fail6" time="0.409"/>
  <testcase classname="qgtest.LoginTest" name="login_success" time="0.537"/>
  <testcase classname="qgtest.LoginTest" name="login_fail5" time="0.214"/>
  <testcase classname="qgtest.LoginTest" name="login_fail2" time="1.908"/>
  <testcase classname="qgtest.LoginTest" name="login_fail3" time="0.427"/>
  <testcase classname="qgtest.LoginTest" name="login_fail9" time="3.368"/>
  <testcase classname="qgtest.LoginTest" name="login_fail8" time="0.545"/>
  <testcase classname="qgtest.LoginTest" name="login_fail4" time="1.375"/>
  <testcase classname="qgtest.LoginTest" name="login_fail1" time="3.335"/>
</testsuite> <!-- qgtest.LoginTest -->
