<?xml version="1.0" encoding="UTF-8"?>
<!-- Generated by org.testng.reporters.JUnitReportReporter -->
<testsuite hostname="DESKTOP-BCVV7R2" failures="0" tests="5" name="qgtest.SkuListTest" time="4.460" errors="0" timestamp="16 12月 2018 11:38:29 GMT" skipped="0">
  <testcase classname="qgtest.SkuListTest" name="skulist2" time="0.407"/>
  <testcase classname="qgtest.SkuListTest" name="skulist4" time="0.401"/>
  <testcase classname="qgtest.SkuListTest" name="skulist1" time="2.946"/>
  <testcase classname="qgtest.SkuListTest" name="skulist5" time="0.282"/>
  <testcase classname="qgtest.SkuListTest" name="skulist3" time="0.424"/>
</testsuite> <!-- qgtest.SkuListTest -->
