<?xml version="1.0" encoding="UTF-8"?>
<!-- Generated by org.testng.reporters.JUnitReportReporter -->
<testsuite hostname="DESKTOP-BCVV7R2" failures="0" tests="23" name="qgtest.AddressNewTest" time="5.525" errors="0" timestamp="17 12月 2018 07:13:43 GMT" skipped="0">
  <testcase classname="qgtest.AddressNewTest" name="addressnew12" time="0.280"/>
  <testcase classname="qgtest.AddressNewTest" name="addressnew11" time="0.200"/>
  <testcase classname="qgtest.AddressNewTest" name="addressnew13" time="0.190"/>
  <testcase classname="qgtest.AddressNewTest" name="addressnew15" time="0.182"/>
  <testcase classname="qgtest.AddressNewTest" name="addressnew6" time="0.199"/>
  <testcase classname="qgtest.AddressNewTest" name="addressnew21" time="0.100"/>
  <testcase classname="qgtest.AddressNewTest" name="addressnew22" time="0.169"/>
  <testcase classname="qgtest.AddressNewTest" name="addressnew4" time="0.196"/>
  <testcase classname="qgtest.AddressNewTest" name="addressnew23" time="0.180"/>
  <testcase classname="qgtest.AddressNewTest" name="addressnew7" time="0.220"/>
  <testcase classname="qgtest.AddressNewTest" name="addressnew17" time="0.180"/>
  <testcase classname="qgtest.AddressNewTest" name="addressnew19" time="0.190"/>
  <testcase classname="qgtest.AddressNewTest" name="addressnew20" time="0.180"/>
  <testcase classname="qgtest.AddressNewTest" name="addressnew2" time="0.180"/>
  <testcase classname="qgtest.AddressNewTest" name="addressnew3" time="0.180"/>
  <testcase classname="qgtest.AddressNewTest" name="addressnew1" time="1.310"/>
  <testcase classname="qgtest.AddressNewTest" name="addressnew14" time="0.170"/>
  <testcase classname="qgtest.AddressNewTest" name="addressnew5" time="0.233"/>
  <testcase classname="qgtest.AddressNewTest" name="addressnew9" time="0.190"/>
  <testcase classname="qgtest.AddressNewTest" name="addressnew10" time="0.206"/>
  <testcase classname="qgtest.AddressNewTest" name="addressnew18" time="0.190"/>
  <testcase classname="qgtest.AddressNewTest" name="addressnew16" time="0.220"/>
  <testcase classname="qgtest.AddressNewTest" name="addressnew8" time="0.180"/>
</testsuite> <!-- qgtest.AddressNewTest -->
