<?xml version="1.0" encoding="UTF-8"?>
<!-- Generated by org.testng.reporters.JUnitReportReporter -->
<testsuite hostname="DESKTOP-BCVV7R2" failures="0" tests="5" name="qgtest.Scene3" time="2.065" errors="0" timestamp="17 12月 2018 08:29:30 GMT" skipped="0">
  <testcase classname="qgtest.Scene3" name="login" time="1.315"/>
  <testcase classname="qgtest.Scene3" name="addresslist" time="0.230"/>
  <testcase classname="qgtest.Scene3" name="addressnew" time="0.170"/>
  <testcase classname="qgtest.Scene3" name="fee" time="0.090"/>
  <testcase classname="qgtest.Scene3" name="submit" time="0.260"/>
</testsuite> <!-- qgtest.Scene3 -->
