<?xml version="1.0" encoding="UTF-8"?>
<!-- Generated by org.testng.reporters.JUnitReportReporter -->
<testsuite hostname="DESKTOP-9446LLP" failures="0" tests="3" name="com.edu.test.DeleteAddress" time="2.132" errors="0" timestamp="19 12月 2018 06:23:17 GMT" skipped="0">
  <testcase classname="com.edu.test.DeleteAddress" name="TestDelete3" time="1.329"/>
  <testcase classname="com.edu.test.DeleteAddress" name="TestDelete1" time="0.710"/>
  <testcase classname="com.edu.test.DeleteAddress" name="TestDelete2" time="0.093"/>
</testsuite> <!-- com.edu.test.DeleteAddress -->
