<?xml version="1.0" encoding="UTF-8"?>
<!-- Generated by org.testng.reporters.JUnitReportReporter -->
<testsuite hostname="DESKTOP-9446LLP" failures="0" tests="4" name="com.edu.test.Scene2" time="0.864" errors="0" timestamp="19 12月 2018 06:41:14 GMT" skipped="0">
  <testcase classname="com.edu.test.Scene2" name="getTransportFee" time="0.147"/>
  <testcase classname="com.edu.test.Scene2" name="submitOrder" time="0.059"/>
  <testcase classname="com.edu.test.Scene2" name="login" time="0.594"/>
  <testcase classname="com.edu.test.Scene2" name="getAddress" time="0.064"/>
</testsuite> <!-- com.edu.test.Scene2 -->
