<?xml version="1.0" encoding="UTF-8"?>
<!-- Generated by org.testng.reporters.JUnitXMLReporter -->
<testsuite hostname="BF-201710220916" ignored="0" name="Default test" tests="17" failures="0" timestamp="17 十二月 2018 09:11:09 GMT" time="5.913" errors="0">
  <testcase name="submit_fail1" time="2.518" classname="com.webtest.htmlunit_demo.Post_Submit_test"/>
  <testcase name="submit_fail10" time="0.22" classname="com.webtest.htmlunit_demo.Post_Submit_test"/>
  <testcase name="submit_fail11" time="0.23" classname="com.webtest.htmlunit_demo.Post_Submit_test"/>
  <testcase name="submit_fail12" time="0.3" classname="com.webtest.htmlunit_demo.Post_Submit_test"/>
  <testcase name="submit_fail13" time="0.186" classname="com.webtest.htmlunit_demo.Post_Submit_test"/>
  <testcase name="submit_fail14" time="0.2" classname="com.webtest.htmlunit_demo.Post_Submit_test"/>
  <testcase name="submit_fail15" time="0.218" classname="com.webtest.htmlunit_demo.Post_Submit_test"/>
  <testcase name="submit_fail16" time="0.19" classname="com.webtest.htmlunit_demo.Post_Submit_test"/>
  <testcase name="submit_fail2" time="0.2" classname="com.webtest.htmlunit_demo.Post_Submit_test"/>
  <testcase name="submit_fail3" time="0.207" classname="com.webtest.htmlunit_demo.Post_Submit_test"/>
  <testcase name="submit_fail4" time="0.21" classname="com.webtest.htmlunit_demo.Post_Submit_test"/>
  <testcase name="submit_fail5" time="0.18" classname="com.webtest.htmlunit_demo.Post_Submit_test"/>
  <testcase name="submit_fail6" time="0.21" classname="com.webtest.htmlunit_demo.Post_Submit_test"/>
  <testcase name="submit_fail7" time="0.18" classname="com.webtest.htmlunit_demo.Post_Submit_test"/>
  <testcase name="submit_fail8" time="0.183" classname="com.webtest.htmlunit_demo.Post_Submit_test"/>
  <testcase name="submit_fail9" time="0.209" classname="com.webtest.htmlunit_demo.Post_Submit_test"/>
  <testcase name="submit_success" time="0.19" classname="com.webtest.htmlunit_demo.Post_Submit_test"/>
</testsuite> <!-- Default test -->
