<?xml version="1.0" encoding="UTF-8"?>
<testng-results ignored="0" total="1" passed="1" failed="0" skipped="0">
  <reporter-output>
  </reporter-output>
  <suite started-at="2018-12-05T06:26:35Z" name="Default suite" finished-at="2018-12-05T06:27:03Z" duration-ms="28623">
    <groups>
    </groups>
    <test started-at="2018-12-05T06:26:35Z" name="Default test" finished-at="2018-12-05T06:27:03Z" duration-ms="28623">
      <class name="com.webtest.demo.guanjianci1205">
        <test-method is-config="true" signature="doBeforeSuite()[pri:0, instance:com.webtest.demo.guanjianci1205@1af2d44a]" started-at="2018-12-05T06:26:35Z" name="doBeforeSuite" finished-at="2018-12-05T06:26:40Z" duration-ms="4958" status="PASS">
          <reporter-output>
          </reporter-output>
        </test-method> <!-- doBeforeSuite -->
        <test-method signature="boketest()[pri:0, instance:com.webtest.demo.guanjianci1205@1af2d44a]" started-at="2018-12-05T06:26:40Z" name="boketest" finished-at="2018-12-05T06:27:03Z" duration-ms="23646" status="PASS">
          <reporter-output>
          </reporter-output>
        </test-method> <!-- boketest -->
      </class> <!-- com.webtest.demo.guanjianci1205 -->
    </test> <!-- Default test -->
  </suite> <!-- Default suite -->
</testng-results>
