<?xml version="1.0" encoding="UTF-8"?>
<testng-results ignored="0" total="1" passed="1" failed="0" skipped="0">
  <reporter-output>
  </reporter-output>
  <suite started-at="2018-12-18T09:34:27Z" name="Default suite" finished-at="2018-12-18T09:34:28Z" duration-ms="672">
    <groups>
    </groups>
    <test started-at="2018-12-18T09:34:27Z" name="Default test" finished-at="2018-12-18T09:34:28Z" duration-ms="672">
      <class name="com.edu.test.HttpclientTestDemo2">
        <test-method signature="login()[pri:0, instance:com.edu.test.HttpclientTestDemo2@33c911a1]" started-at="2018-12-18T09:34:27Z" name="login" finished-at="2018-12-18T09:34:27Z" duration-ms="607" status="PASS">
          <reporter-output>
          </reporter-output>
        </test-method> <!-- login -->
      </class> <!-- com.edu.test.HttpclientTestDemo2 -->
    </test> <!-- Default test -->
  </suite> <!-- Default suite -->
</testng-results>
