<?xml version="1.0" encoding="UTF-8"?>
<!-- Generated by org.testng.reporters.JUnitXMLReporter -->
<testsuite ignored="98" hostname="DESKTOP-BCVV7R2" failures="2" tests="50" name="test1" time="934.842" errors="0" timestamp="05 12月 2018 08:20:30 GMT">
  <testcase classname="com.webtest.demo.Admin_Login_Cz" name="adminlogin" time="13.535"/>
  <testcase classname="com.webtest.demo.Blog" name="blog" time="27.841"/>
  <testcase classname="com.webtest.demo.add_Essay1" name="addessay" time="32.672"/>
  <testcase classname="com.webtest.demo.add_Single1" name="single" time="20.061"/>
  <testcase classname="com.webtest.demo.AddCompanyMessage" name="addMessage" time="28.13"/>
  <testcase classname="com.webtest.demo.AddCompanyAddress" name="addAddress" time="17.43"/>
  <testcase classname="com.webtest.demo.AddContent" name="aclass" time="34.782"/>
  <testcase classname="com.webtest.demo.AddCss" name="addCss" time="18.598"/>
  <testcase classname="com.webtest.demo.AddJs" name="addJs" time="18.441"/>
  <testcase classname="com.webtest.demo.MaintainClass" name="maintanClass" time="1.026">
    <failure type="org.openqa.selenium.ElementNotInteractableException" message="
Build info: version: &amp;apos;3.6.0&amp;apos;, revision: &amp;apos;6fbf3ec767&amp;apos;, time: &amp;apos;2017-09-27T16:15:40.131Z&amp;apos;
System info: host: &amp;apos;DESKTOP-BCVV7R2&amp;apos;, ip: &amp;apos;169.254.216.16&amp;apos;, os.name: &amp;apos;Windows 10&amp;apos;, os.arch: &amp;apos;amd64&amp;apos;, os.version: &amp;apos;10.0&amp;apos;, java.version: &amp;apos;9.0.4&amp;apos;
Driver info: org.openqa.selenium.firefox.FirefoxDriver
Capabilities [{moz:profile=C:\Users\ASUS\AppData\Local\Temp\rust_mozprofile.1N4HzeUfDczT, rotatable=false, timeouts={implicit=0, pageLoad=300000, script=30000}, pageLoadStrategy=normal, moz:headless=false, platform=XP, specificationLevel=0, moz:accessibilityChecks=false, acceptInsecureCerts=true, browserVersion=56.0, platformVersion=10.0, moz:processID=9232, browserName=firefox, javascriptEnabled=true, platformName=XP}]
Session ID: 67c18029-7125-4eeb-b7ce-49ea5465fa35">
      <![CDATA[org.openqa.selenium.ElementNotInteractableException: 
Build info: version: '3.6.0', revision: '6fbf3ec767', time: '2017-09-27T16:15:40.131Z'
System info: host: 'DESKTOP-BCVV7R2', ip: '169.254.216.16', os.name: 'Windows 10', os.arch: 'amd64', os.version: '10.0', java.version: '9.0.4'
Driver info: org.openqa.selenium.firefox.FirefoxDriver
Capabilities [{moz:profile=C:\Users\ASUS\AppData\Local\Temp\rust_mozprofile.1N4HzeUfDczT, rotatable=false, timeouts={implicit=0, pageLoad=300000, script=30000}, pageLoadStrategy=normal, moz:headless=false, platform=XP, specificationLevel=0, moz:accessibilityChecks=false, acceptInsecureCerts=true, browserVersion=56.0, platformVersion=10.0, moz:processID=9232, browserName=firefox, javascriptEnabled=true, platformName=XP}]
Session ID: 67c18029-7125-4eeb-b7ce-49ea5465fa35
at org.openqa.selenium.remote.http.W3CHttpResponseCodec.createException(W3CHttpResponseCodec.java:185)
at org.openqa.selenium.remote.http.W3CHttpResponseCodec.decode(W3CHttpResponseCodec.java:120)
at org.openqa.selenium.remote.http.W3CHttpResponseCodec.decode(W3CHttpResponseCodec.java:49)
at org.openqa.selenium.remote.HttpCommandExecutor.execute(HttpCommandExecutor.java:164)
at org.openqa.selenium.remote.service.DriverCommandExecutor.execute(DriverCommandExecutor.java:83)
at org.openqa.selenium.remote.RemoteWebDriver.execute(RemoteWebDriver.java:586)
at org.openqa.selenium.remote.RemoteWebElement.execute(RemoteWebElement.java:279)
at org.openqa.selenium.remote.RemoteWebElement.click(RemoteWebElement.java:83)
at com.webtest.core.WebDriverEngine.click(WebDriverEngine.java:141)
at com.webtest.demo.MaintainClass.maintanClass(MaintainClass.java:13)
... Removed 29 stack frames]]>
    </failure>
  </testcase> <!-- maintanClass -->
  <testcase classname="com.webtest.demo.AddScoreRule" name="addRule" time="9.694"/>
  <testcase classname="com.webtest.demo.AddStyle" name="addStyle" time="18.623"/>
  <testcase classname="com.webtest.demo.AddWhitelist" name="addWlist" time="4.278"/>
  <testcase classname="com.webtest.demo.AriticalClass" name="aclass" time="15.374"/>
  <testcase classname="com.webtest.demo.Backups" name="backups" time="19.196"/>
  <testcase classname="com.webtest.demo.BatchSubmission" name="member" time="16.896"/>
  <testcase classname="com.webtest.demo.BearPaw" name="aclass" time="20.312"/>
  <testcase classname="com.webtest.demo.BlogClass" name="aclass" time="18.963"/>
  <testcase classname="com.webtest.demo.CDN" name="cdn" time="18.526"/>
  <testcase classname="com.webtest.demo.Credit" name="credit" time="17.064"/>
  <testcase classname="com.webtest.demo.FlowStatistics" name="flow" time="15.339"/>
  <testcase classname="com.webtest.demo.FriendlyLink" name="aclass" time="25.387"/>
  <testcase classname="com.webtest.demo.Groups" name="group" time="22.384"/>
  <testcase classname="com.webtest.demo.HandBook" name="handbook" time="33.976"/>
  <testcase classname="com.webtest.demo.KeyWords" name="keywords" time="8.588"/>
  <testcase classname="com.webtest.demo.Language" name="language" time="24.959"/>
  <testcase classname="com.webtest.demo.MemberBonusPoints" name="member" time="14.758"/>
  <testcase classname="com.webtest.demo.PlateManage" name="plate" time="25.339"/>
  <testcase classname="com.webtest.demo.Product" name="product" time="29.959"/>
  <testcase classname="com.webtest.demo.Registration" name="registration" time="18.743"/>
  <testcase classname="com.webtest.demo.Send" name="send" time="22.013"/>
  <testcase classname="com.webtest.demo.SetAddressType" name="setAddtype" time="14.615"/>
  <testcase classname="com.webtest.demo.SetAdministrator" name="setAdmin" time="18.682"/>
  <testcase classname="com.webtest.demo.SetCache" name="setCache" time="17.796"/>
  <testcase classname="com.webtest.demo.SetDesignList" name="setDesignList" time="23.967"/>
  <testcase classname="com.webtest.demo.SetDesignThumbnail" name="setDesignThumbmail" time="14.817"/>
  <testcase classname="com.webtest.demo.SetDomainName" name="setDomainname" time="7.777"/>
  <testcase classname="com.webtest.demo.SetFlowStatistics" name="setFlow" time="11.308"/>
  <testcase classname="com.webtest.demo.SetSecurity" name="setSecurity" time="43.989"/>
  <testcase classname="com.webtest.demo.SiteSetting" name="site" time="22.55"/>
  <testcase classname="com.webtest.demo.Update" name="update" time="15.23"/>
  <testcase classname="com.webtest.demo.Yuming" name="yuming" time="18.574"/>
  <testcase classname="com.webtest.demo.AddBlacklist" name="addblist" time="23.146"/>
  <testcase classname="com.webtest.demo.AddSecuritycode" name="addscode" time="11.207"/>
  <testcase classname="com.webtest.demo.AddFilesupload" name="addfupload" time="16.189"/>
  <testcase classname="com.webtest.demo.AddSetting" name="addset" time="15.754"/>
  <testcase classname="com.webtest.demo.Expressage" name="expressage" time="14.666"/>
  <testcase classname="com.webtest.demo.Openlogin" name="openlogin" time="22.553">
    <failure type="org.openqa.selenium.NoAlertPresentException" message="No modal dialog is currently open
Build info: version: &amp;apos;3.6.0&amp;apos;, revision: &amp;apos;6fbf3ec767&amp;apos;, time: &amp;apos;2017-09-27T16:15:40.131Z&amp;apos;
System info: host: &amp;apos;DESKTOP-BCVV7R2&amp;apos;, ip: &amp;apos;169.254.216.16&amp;apos;, os.name: &amp;apos;Windows 10&amp;apos;, os.arch: &amp;apos;amd64&amp;apos;, os.version: &amp;apos;10.0&amp;apos;, java.version: &amp;apos;9.0.4&amp;apos;
Driver info: org.openqa.selenium.firefox.FirefoxDriver
Capabilities [{moz:profile=C:\Users\ASUS\AppData\Local\Temp\rust_mozprofile.1N4HzeUfDczT, rotatable=false, timeouts={implicit=0, pageLoad=300000, script=30000}, pageLoadStrategy=normal, moz:headless=false, platform=XP, specificationLevel=0, moz:accessibilityChecks=false, acceptInsecureCerts=true, browserVersion=56.0, platformVersion=10.0, moz:processID=9232, browserName=firefox, javascriptEnabled=true, platformName=XP}]
Session ID: 67c18029-7125-4eeb-b7ce-49ea5465fa35">
      <![CDATA[org.openqa.selenium.NoAlertPresentException: No modal dialog is currently open
Build info: version: '3.6.0', revision: '6fbf3ec767', time: '2017-09-27T16:15:40.131Z'
System info: host: 'DESKTOP-BCVV7R2', ip: '169.254.216.16', os.name: 'Windows 10', os.arch: 'amd64', os.version: '10.0', java.version: '9.0.4'
Driver info: org.openqa.selenium.firefox.FirefoxDriver
Capabilities [{moz:profile=C:\Users\ASUS\AppData\Local\Temp\rust_mozprofile.1N4HzeUfDczT, rotatable=false, timeouts={implicit=0, pageLoad=300000, script=30000}, pageLoadStrategy=normal, moz:headless=false, platform=XP, specificationLevel=0, moz:accessibilityChecks=false, acceptInsecureCerts=true, browserVersion=56.0, platformVersion=10.0, moz:processID=9232, browserName=firefox, javascriptEnabled=true, platformName=XP}]
Session ID: 67c18029-7125-4eeb-b7ce-49ea5465fa35
at org.openqa.selenium.remote.http.W3CHttpResponseCodec.createException(W3CHttpResponseCodec.java:185)
at org.openqa.selenium.remote.http.W3CHttpResponseCodec.decode(W3CHttpResponseCodec.java:120)
at org.openqa.selenium.remote.http.W3CHttpResponseCodec.decode(W3CHttpResponseCodec.java:49)
at org.openqa.selenium.remote.HttpCommandExecutor.execute(HttpCommandExecutor.java:164)
at org.openqa.selenium.remote.service.DriverCommandExecutor.execute(DriverCommandExecutor.java:83)
at org.openqa.selenium.remote.RemoteWebDriver.execute(RemoteWebDriver.java:586)
at org.openqa.selenium.remote.RemoteWebDriver.execute(RemoteWebDriver.java:643)
at org.openqa.selenium.remote.RemoteWebDriver$RemoteTargetLocator.alert(RemoteWebDriver.java:972)
at com.webtest.core.WebDriverEngine.getAlert(WebDriverEngine.java:211)
at com.webtest.core.WebDriverEngine.alertAccept(WebDriverEngine.java:240)
at com.webtest.demo.Openlogin.openlogin(Openlogin.java:64)
... Removed 29 stack frames]]>
    </failure>
  </testcase> <!-- openlogin -->
  <testcase classname="com.webtest.demo.Front_Login_Cz" name="frontlogin" time="2.348"/>
  <testcase classname="com.webtest.demo.Front_Resigh_Cz" name="frontresighter" time="3.231"/>
  <testcase classname="com.webtest.core.BaseTest" name="@BeforeSuite doBeforeSuite" time="0.0">
    <ignored/>
  </testcase> <!-- @BeforeSuite doBeforeSuite -->
  <testcase classname="com.webtest.core.BaseTest" name="@BeforeSuite doBeforeSuite" time="0.0">
    <ignored/>
  </testcase> <!-- @BeforeSuite doBeforeSuite -->
  <testcase classname="com.webtest.core.BaseTest" name="@BeforeSuite doBeforeSuite" time="0.0">
    <ignored/>
  </testcase> <!-- @BeforeSuite doBeforeSuite -->
  <testcase classname="com.webtest.core.BaseTest" name="@BeforeSuite doBeforeSuite" time="0.0">
    <ignored/>
  </testcase> <!-- @BeforeSuite doBeforeSuite -->
  <testcase classname="com.webtest.core.BaseTest" name="@BeforeSuite doBeforeSuite" time="0.0">
    <ignored/>
  </testcase> <!-- @BeforeSuite doBeforeSuite -->
  <testcase classname="com.webtest.core.BaseTest" name="@BeforeSuite doBeforeSuite" time="0.0">
    <ignored/>
  </testcase> <!-- @BeforeSuite doBeforeSuite -->
  <testcase classname="com.webtest.core.BaseTest" name="@BeforeSuite doBeforeSuite" time="0.0">
    <ignored/>
  </testcase> <!-- @BeforeSuite doBeforeSuite -->
  <testcase classname="com.webtest.core.BaseTest" name="@BeforeSuite doBeforeSuite" time="0.0">
    <ignored/>
  </testcase> <!-- @BeforeSuite doBeforeSuite -->
  <testcase classname="com.webtest.core.BaseTest" name="@BeforeSuite doBeforeSuite" time="0.0">
    <ignored/>
  </testcase> <!-- @BeforeSuite doBeforeSuite -->
  <testcase classname="com.webtest.core.BaseTest" name="@BeforeSuite doBeforeSuite" time="0.0">
    <ignored/>
  </testcase> <!-- @BeforeSuite doBeforeSuite -->
  <testcase classname="com.webtest.core.BaseTest" name="@BeforeSuite doBeforeSuite" time="0.0">
    <ignored/>
  </testcase> <!-- @BeforeSuite doBeforeSuite -->
  <testcase classname="com.webtest.core.BaseTest" name="@BeforeSuite doBeforeSuite" time="0.0">
    <ignored/>
  </testcase> <!-- @BeforeSuite doBeforeSuite -->
  <testcase classname="com.webtest.core.BaseTest" name="@BeforeSuite doBeforeSuite" time="0.0">
    <ignored/>
  </testcase> <!-- @BeforeSuite doBeforeSuite -->
  <testcase classname="com.webtest.core.BaseTest" name="@BeforeSuite doBeforeSuite" time="0.0">
    <ignored/>
  </testcase> <!-- @BeforeSuite doBeforeSuite -->
  <testcase classname="com.webtest.core.BaseTest" name="@BeforeSuite doBeforeSuite" time="0.0">
    <ignored/>
  </testcase> <!-- @BeforeSuite doBeforeSuite -->
  <testcase classname="com.webtest.core.BaseTest" name="@BeforeSuite doBeforeSuite" time="0.0">
    <ignored/>
  </testcase> <!-- @BeforeSuite doBeforeSuite -->
  <testcase classname="com.webtest.core.BaseTest" name="@BeforeSuite doBeforeSuite" time="0.0">
    <ignored/>
  </testcase> <!-- @BeforeSuite doBeforeSuite -->
  <testcase classname="com.webtest.core.BaseTest" name="@BeforeSuite doBeforeSuite" time="0.0">
    <ignored/>
  </testcase> <!-- @BeforeSuite doBeforeSuite -->
  <testcase classname="com.webtest.core.BaseTest" name="@BeforeSuite doBeforeSuite" time="0.0">
    <ignored/>
  </testcase> <!-- @BeforeSuite doBeforeSuite -->
  <testcase classname="com.webtest.core.BaseTest" name="@BeforeSuite doBeforeSuite" time="0.0">
    <ignored/>
  </testcase> <!-- @BeforeSuite doBeforeSuite -->
  <testcase classname="com.webtest.core.BaseTest" name="@BeforeSuite doBeforeSuite" time="0.0">
    <ignored/>
  </testcase> <!-- @BeforeSuite doBeforeSuite -->
  <testcase classname="com.webtest.core.BaseTest" name="@BeforeSuite doBeforeSuite" time="0.0">
    <ignored/>
  </testcase> <!-- @BeforeSuite doBeforeSuite -->
  <testcase classname="com.webtest.core.BaseTest" name="@BeforeSuite doBeforeSuite" time="0.0">
    <ignored/>
  </testcase> <!-- @BeforeSuite doBeforeSuite -->
  <testcase classname="com.webtest.core.BaseTest" name="@BeforeSuite doBeforeSuite" time="0.0">
    <ignored/>
  </testcase> <!-- @BeforeSuite doBeforeSuite -->
  <testcase classname="com.webtest.core.BaseTest" name="@BeforeSuite doBeforeSuite" time="0.0">
    <ignored/>
  </testcase> <!-- @BeforeSuite doBeforeSuite -->
  <testcase classname="com.webtest.core.BaseTest" name="@BeforeSuite doBeforeSuite" time="0.0">
    <ignored/>
  </testcase> <!-- @BeforeSuite doBeforeSuite -->
  <testcase classname="com.webtest.core.BaseTest" name="@BeforeSuite doBeforeSuite" time="0.0">
    <ignored/>
  </testcase> <!-- @BeforeSuite doBeforeSuite -->
  <testcase classname="com.webtest.core.BaseTest" name="@BeforeSuite doBeforeSuite" time="0.0">
    <ignored/>
  </testcase> <!-- @BeforeSuite doBeforeSuite -->
  <testcase classname="com.webtest.core.BaseTest" name="@BeforeSuite doBeforeSuite" time="0.0">
    <ignored/>
  </testcase> <!-- @BeforeSuite doBeforeSuite -->
  <testcase classname="com.webtest.core.BaseTest" name="@BeforeSuite doBeforeSuite" time="0.0">
    <ignored/>
  </testcase> <!-- @BeforeSuite doBeforeSuite -->
  <testcase classname="com.webtest.core.BaseTest" name="@BeforeSuite doBeforeSuite" time="0.0">
    <ignored/>
  </testcase> <!-- @BeforeSuite doBeforeSuite -->
  <testcase classname="com.webtest.core.BaseTest" name="@BeforeSuite doBeforeSuite" time="0.0">
    <ignored/>
  </testcase> <!-- @BeforeSuite doBeforeSuite -->
  <testcase classname="com.webtest.core.BaseTest" name="@BeforeSuite doBeforeSuite" time="0.0">
    <ignored/>
  </testcase> <!-- @BeforeSuite doBeforeSuite -->
  <testcase classname="com.webtest.core.BaseTest" name="@BeforeSuite doBeforeSuite" time="0.0">
    <ignored/>
  </testcase> <!-- @BeforeSuite doBeforeSuite -->
  <testcase classname="com.webtest.core.BaseTest" name="@BeforeSuite doBeforeSuite" time="0.0">
    <ignored/>
  </testcase> <!-- @BeforeSuite doBeforeSuite -->
  <testcase classname="com.webtest.core.BaseTest" name="@BeforeSuite doBeforeSuite" time="0.0">
    <ignored/>
  </testcase> <!-- @BeforeSuite doBeforeSuite -->
  <testcase classname="com.webtest.core.BaseTest" name="@BeforeSuite doBeforeSuite" time="0.0">
    <ignored/>
  </testcase> <!-- @BeforeSuite doBeforeSuite -->
  <testcase classname="com.webtest.core.BaseTest" name="@BeforeSuite doBeforeSuite" time="0.0">
    <ignored/>
  </testcase> <!-- @BeforeSuite doBeforeSuite -->
  <testcase classname="com.webtest.core.BaseTest" name="@BeforeSuite doBeforeSuite" time="0.0">
    <ignored/>
  </testcase> <!-- @BeforeSuite doBeforeSuite -->
  <testcase classname="com.webtest.core.BaseTest" name="@BeforeSuite doBeforeSuite" time="0.0">
    <ignored/>
  </testcase> <!-- @BeforeSuite doBeforeSuite -->
  <testcase classname="com.webtest.core.BaseTest" name="@BeforeSuite doBeforeSuite" time="0.0">
    <ignored/>
  </testcase> <!-- @BeforeSuite doBeforeSuite -->
  <testcase classname="com.webtest.core.BaseTest" name="@BeforeSuite doBeforeSuite" time="0.0">
    <ignored/>
  </testcase> <!-- @BeforeSuite doBeforeSuite -->
  <testcase classname="com.webtest.core.BaseTest" name="@BeforeSuite doBeforeSuite" time="0.0">
    <ignored/>
  </testcase> <!-- @BeforeSuite doBeforeSuite -->
  <testcase classname="com.webtest.core.BaseTest" name="@BeforeSuite doBeforeSuite" time="0.0">
    <ignored/>
  </testcase> <!-- @BeforeSuite doBeforeSuite -->
  <testcase classname="com.webtest.core.BaseTest" name="@BeforeSuite doBeforeSuite" time="0.0">
    <ignored/>
  </testcase> <!-- @BeforeSuite doBeforeSuite -->
  <testcase classname="com.webtest.core.BaseTest" name="@BeforeSuite doBeforeSuite" time="0.0">
    <ignored/>
  </testcase> <!-- @BeforeSuite doBeforeSuite -->
  <testcase classname="com.webtest.core.BaseTest" name="@BeforeSuite doBeforeSuite" time="0.0">
    <ignored/>
  </testcase> <!-- @BeforeSuite doBeforeSuite -->
  <testcase classname="com.webtest.core.BaseTest" name="@BeforeSuite doBeforeSuite" time="0.0">
    <ignored/>
  </testcase> <!-- @BeforeSuite doBeforeSuite -->
  <testcase classname="com.webtest.core.BaseTest" name="@BeforeSuite doBeforeSuite" time="0.0">
    <ignored/>
  </testcase> <!-- @BeforeSuite doBeforeSuite -->
  <testcase classname="com.webtest.core.BaseTest" name="@AfterSuite doAfterMethod" time="0.0">
    <ignored/>
  </testcase> <!-- @AfterSuite doAfterMethod -->
  <testcase classname="com.webtest.core.BaseTest" name="@AfterSuite doAfterMethod" time="0.0">
    <ignored/>
  </testcase> <!-- @AfterSuite doAfterMethod -->
  <testcase classname="com.webtest.core.BaseTest" name="@AfterSuite doAfterMethod" time="0.0">
    <ignored/>
  </testcase> <!-- @AfterSuite doAfterMethod -->
  <testcase classname="com.webtest.core.BaseTest" name="@AfterSuite doAfterMethod" time="0.0">
    <ignored/>
  </testcase> <!-- @AfterSuite doAfterMethod -->
  <testcase classname="com.webtest.core.BaseTest" name="@AfterSuite doAfterMethod" time="0.0">
    <ignored/>
  </testcase> <!-- @AfterSuite doAfterMethod -->
  <testcase classname="com.webtest.core.BaseTest" name="@AfterSuite doAfterMethod" time="0.0">
    <ignored/>
  </testcase> <!-- @AfterSuite doAfterMethod -->
  <testcase classname="com.webtest.core.BaseTest" name="@AfterSuite doAfterMethod" time="0.0">
    <ignored/>
  </testcase> <!-- @AfterSuite doAfterMethod -->
  <testcase classname="com.webtest.core.BaseTest" name="@AfterSuite doAfterMethod" time="0.0">
    <ignored/>
  </testcase> <!-- @AfterSuite doAfterMethod -->
  <testcase classname="com.webtest.core.BaseTest" name="@AfterSuite doAfterMethod" time="0.0">
    <ignored/>
  </testcase> <!-- @AfterSuite doAfterMethod -->
  <testcase classname="com.webtest.core.BaseTest" name="@AfterSuite doAfterMethod" time="0.0">
    <ignored/>
  </testcase> <!-- @AfterSuite doAfterMethod -->
  <testcase classname="com.webtest.core.BaseTest" name="@AfterSuite doAfterMethod" time="0.0">
    <ignored/>
  </testcase> <!-- @AfterSuite doAfterMethod -->
  <testcase classname="com.webtest.core.BaseTest" name="@AfterSuite doAfterMethod" time="0.0">
    <ignored/>
  </testcase> <!-- @AfterSuite doAfterMethod -->
  <testcase classname="com.webtest.core.BaseTest" name="@AfterSuite doAfterMethod" time="0.0">
    <ignored/>
  </testcase> <!-- @AfterSuite doAfterMethod -->
  <testcase classname="com.webtest.core.BaseTest" name="@AfterSuite doAfterMethod" time="0.0">
    <ignored/>
  </testcase> <!-- @AfterSuite doAfterMethod -->
  <testcase classname="com.webtest.core.BaseTest" name="@AfterSuite doAfterMethod" time="0.0">
    <ignored/>
  </testcase> <!-- @AfterSuite doAfterMethod -->
  <testcase classname="com.webtest.core.BaseTest" name="@AfterSuite doAfterMethod" time="0.0">
    <ignored/>
  </testcase> <!-- @AfterSuite doAfterMethod -->
  <testcase classname="com.webtest.core.BaseTest" name="@AfterSuite doAfterMethod" time="0.0">
    <ignored/>
  </testcase> <!-- @AfterSuite doAfterMethod -->
  <testcase classname="com.webtest.core.BaseTest" name="@AfterSuite doAfterMethod" time="0.0">
    <ignored/>
  </testcase> <!-- @AfterSuite doAfterMethod -->
  <testcase classname="com.webtest.core.BaseTest" name="@AfterSuite doAfterMethod" time="0.0">
    <ignored/>
  </testcase> <!-- @AfterSuite doAfterMethod -->
  <testcase classname="com.webtest.core.BaseTest" name="@AfterSuite doAfterMethod" time="0.0">
    <ignored/>
  </testcase> <!-- @AfterSuite doAfterMethod -->
  <testcase classname="com.webtest.core.BaseTest" name="@AfterSuite doAfterMethod" time="0.0">
    <ignored/>
  </testcase> <!-- @AfterSuite doAfterMethod -->
  <testcase classname="com.webtest.core.BaseTest" name="@AfterSuite doAfterMethod" time="0.0">
    <ignored/>
  </testcase> <!-- @AfterSuite doAfterMethod -->
  <testcase classname="com.webtest.core.BaseTest" name="@AfterSuite doAfterMethod" time="0.0">
    <ignored/>
  </testcase> <!-- @AfterSuite doAfterMethod -->
  <testcase classname="com.webtest.core.BaseTest" name="@AfterSuite doAfterMethod" time="0.0">
    <ignored/>
  </testcase> <!-- @AfterSuite doAfterMethod -->
  <testcase classname="com.webtest.core.BaseTest" name="@AfterSuite doAfterMethod" time="0.0">
    <ignored/>
  </testcase> <!-- @AfterSuite doAfterMethod -->
  <testcase classname="com.webtest.core.BaseTest" name="@AfterSuite doAfterMethod" time="0.0">
    <ignored/>
  </testcase> <!-- @AfterSuite doAfterMethod -->
  <testcase classname="com.webtest.core.BaseTest" name="@AfterSuite doAfterMethod" time="0.0">
    <ignored/>
  </testcase> <!-- @AfterSuite doAfterMethod -->
  <testcase classname="com.webtest.core.BaseTest" name="@AfterSuite doAfterMethod" time="0.0">
    <ignored/>
  </testcase> <!-- @AfterSuite doAfterMethod -->
  <testcase classname="com.webtest.core.BaseTest" name="@AfterSuite doAfterMethod" time="0.0">
    <ignored/>
  </testcase> <!-- @AfterSuite doAfterMethod -->
  <testcase classname="com.webtest.core.BaseTest" name="@AfterSuite doAfterMethod" time="0.0">
    <ignored/>
  </testcase> <!-- @AfterSuite doAfterMethod -->
  <testcase classname="com.webtest.core.BaseTest" name="@AfterSuite doAfterMethod" time="0.0">
    <ignored/>
  </testcase> <!-- @AfterSuite doAfterMethod -->
  <testcase classname="com.webtest.core.BaseTest" name="@AfterSuite doAfterMethod" time="0.0">
    <ignored/>
  </testcase> <!-- @AfterSuite doAfterMethod -->
  <testcase classname="com.webtest.core.BaseTest" name="@AfterSuite doAfterMethod" time="0.0">
    <ignored/>
  </testcase> <!-- @AfterSuite doAfterMethod -->
  <testcase classname="com.webtest.core.BaseTest" name="@AfterSuite doAfterMethod" time="0.0">
    <ignored/>
  </testcase> <!-- @AfterSuite doAfterMethod -->
  <testcase classname="com.webtest.core.BaseTest" name="@AfterSuite doAfterMethod" time="0.0">
    <ignored/>
  </testcase> <!-- @AfterSuite doAfterMethod -->
  <testcase classname="com.webtest.core.BaseTest" name="@AfterSuite doAfterMethod" time="0.0">
    <ignored/>
  </testcase> <!-- @AfterSuite doAfterMethod -->
  <testcase classname="com.webtest.core.BaseTest" name="@AfterSuite doAfterMethod" time="0.0">
    <ignored/>
  </testcase> <!-- @AfterSuite doAfterMethod -->
  <testcase classname="com.webtest.core.BaseTest" name="@AfterSuite doAfterMethod" time="0.0">
    <ignored/>
  </testcase> <!-- @AfterSuite doAfterMethod -->
  <testcase classname="com.webtest.core.BaseTest" name="@AfterSuite doAfterMethod" time="0.0">
    <ignored/>
  </testcase> <!-- @AfterSuite doAfterMethod -->
  <testcase classname="com.webtest.core.BaseTest" name="@AfterSuite doAfterMethod" time="0.0">
    <ignored/>
  </testcase> <!-- @AfterSuite doAfterMethod -->
  <testcase classname="com.webtest.core.BaseTest" name="@AfterSuite doAfterMethod" time="0.0">
    <ignored/>
  </testcase> <!-- @AfterSuite doAfterMethod -->
  <testcase classname="com.webtest.core.BaseTest" name="@AfterSuite doAfterMethod" time="0.0">
    <ignored/>
  </testcase> <!-- @AfterSuite doAfterMethod -->
  <testcase classname="com.webtest.core.BaseTest" name="@AfterSuite doAfterMethod" time="0.0">
    <ignored/>
  </testcase> <!-- @AfterSuite doAfterMethod -->
  <testcase classname="com.webtest.core.BaseTest" name="@AfterSuite doAfterMethod" time="0.0">
    <ignored/>
  </testcase> <!-- @AfterSuite doAfterMethod -->
  <testcase classname="com.webtest.core.BaseTest" name="@AfterSuite doAfterMethod" time="0.0">
    <ignored/>
  </testcase> <!-- @AfterSuite doAfterMethod -->
  <testcase classname="com.webtest.core.BaseTest" name="@AfterSuite doAfterMethod" time="0.0">
    <ignored/>
  </testcase> <!-- @AfterSuite doAfterMethod -->
  <testcase classname="com.webtest.core.BaseTest" name="@AfterSuite doAfterMethod" time="0.0">
    <ignored/>
  </testcase> <!-- @AfterSuite doAfterMethod -->
  <testcase classname="com.webtest.core.BaseTest" name="@AfterSuite doAfterMethod" time="0.0">
    <ignored/>
  </testcase> <!-- @AfterSuite doAfterMethod -->
  <testcase classname="com.webtest.core.BaseTest" name="@AfterSuite doAfterMethod" time="0.0">
    <ignored/>
  </testcase> <!-- @AfterSuite doAfterMethod -->
</testsuite> <!-- test1 -->
